<?xml version="1.0" encoding="UTF-8"?>
<!-- Generated by org.testng.reporters.JUnitReportReporter -->
<testsuite hostname="DESKTOP-9M7QBSC" failures="0" tests="1" name="SerialParallel.Test2" time="5.169" errors="0" timestamp="2022-12-14T15:01:56 IST" skipped="0">
  <testcase classname="SerialParallel.Test2" name="phonepeLaunch" time="5.169"/>
  <system-out/>
</testsuite> <!-- SerialParallel.Test2 -->
