<?xml version="1.0" encoding="UTF-8"?>
<!-- Generated by org.testng.reporters.JUnitReportReporter -->
<testsuite hostname="DESKTOP-9M7QBSC" failures="0" tests="1" name="testNG_xml.Testing2" time="0.021" errors="0" timestamp="2022-12-14T12:25:05 IST" skipped="0">
  <testcase classname="testNG_xml.Testing2" name="H" time="0.021"/>
  <system-out>
    <![CDATA[H TC is running]]>
  </system-out>
</testsuite> <!-- testNG_xml.Testing2 -->
