<?xml version="1.0" encoding="UTF-8"?>
<!-- Generated by org.testng.reporters.JUnitReportReporter -->
<testsuite hostname="DESKTOP-9M7QBSC" failures="0" tests="1" name="VerificationUsingTestNG.VerifyCheckBoxIsSelected" time="12.139" errors="0" timestamp="2022-12-14T15:20:12 IST" skipped="0">
  <testcase classname="VerificationUsingTestNG.VerifyCheckBoxIsSelected" name="testing" time="12.139"/>
  <system-out>
    <![CDATA[Check box is not selected TC is failed]]>
  </system-out>
</testsuite> <!-- VerificationUsingTestNG.VerifyCheckBoxIsSelected -->
