<?xml version="1.0" encoding="UTF-8"?>
<!-- Generated by org.testng.reporters.JUnitReportReporter -->
<testsuite hostname="DESKTOP-9M7QBSC" failures="0" tests="1" name="testNG_xml.Testing1" time="0.003" errors="0" timestamp="2022-12-14T12:25:05 IST" skipped="0">
  <testcase classname="testNG_xml.Testing1" name="A" time="0.003"/>
  <system-out>
    <![CDATA[A TC is running]]>
  </system-out>
</testsuite> <!-- testNG_xml.Testing1 -->
