<?xml version="1.0" encoding="UTF-8"?>
<!-- Generated by org.testng.reporters.JUnitReportReporter -->
<testsuite hostname="DESKTOP-9M7QBSC" failures="0" tests="1" name="testNGStudy.UpStoxApplicationTest" time="0.026" errors="0" timestamp="2022-12-14T10:59:07 IST" skipped="0">
  <testcase classname="testNGStudy.UpStoxApplicationTest" name="validateUserName" time="0.026"/>
  <system-out>
    <![CDATA[User Name is validated]]>
  </system-out>
</testsuite> <!-- testNGStudy.UpStoxApplicationTest -->
