<?xml version="1.0" encoding="UTF-8"?>
<!-- Generated by org.testng.reporters.JUnitReportReporter -->
<testsuite hostname="DESKTOP-9M7QBSC" failures="0" tests="4" name="testNGKeywords.TimeOut" time="2.054" errors="0" timestamp="2022-11-22T23:30:05 IST" skipped="0">
  <testcase classname="testNGKeywords.TimeOut" name="B" time="0.002"/>
  <system-out>
    <![CDATA[B TC is running]]>
  </system-out>
  <testcase classname="testNGKeywords.TimeOut" name="D" time="0.003"/>
  <system-out>
    <![CDATA[D TC is running]]>
  </system-out>
  <testcase classname="testNGKeywords.TimeOut" name="C" time="2.030"/>
  <system-out>
    <![CDATA[C TC is running]]>
  </system-out>
  <testcase classname="testNGKeywords.TimeOut" name="A" time="0.019"/>
  <system-out>
    <![CDATA[A TC is running]]>
  </system-out>
</testsuite> <!-- testNGKeywords.TimeOut -->
