<?xml version="1.0" encoding="UTF-8"?>
<!-- Generated by org.testng.reporters.JUnitReportReporter -->
<testsuite hostname="DESKTOP-9M7QBSC" failures="0" tests="5" name="testNGKeywords.Testing" time="0.041" errors="0" timestamp="2022-11-22T23:20:15 IST" skipped="0">
  <testcase classname="testNGKeywords.Testing" name="A" time="0.010"/>
  <system-out>
    <![CDATA[A Test case is running]]>
  </system-out>
  <testcase classname="testNGKeywords.Testing" name="A" time="0.005"/>
  <system-out>
    <![CDATA[A Test case is running]]>
  </system-out>
  <testcase classname="testNGKeywords.Testing" name="A" time="0.018"/>
  <system-out>
    <![CDATA[A Test case is running]]>
  </system-out>
  <testcase classname="testNGKeywords.Testing" name="A" time="0.004"/>
  <system-out>
    <![CDATA[A Test case is running]]>
  </system-out>
  <testcase classname="testNGKeywords.Testing" name="A" time="0.004"/>
  <system-out>
    <![CDATA[A Test case is running]]>
  </system-out>
</testsuite> <!-- testNGKeywords.Testing -->
