<?xml version="1.0" encoding="UTF-8"?>
<!-- Generated by org.testng.reporters.JUnitReportReporter -->
<testsuite hostname="DESKTOP-9M7QBSC" failures="0" tests="2" name="testNGStudy.AnnotationStudy" time="0.020" errors="0" timestamp="2022-12-14T10:56:03 IST" skipped="0">
  <testcase classname="testNGStudy.AnnotationStudy" name="myTest2" time="0.007"/>
  <system-out>
    <![CDATA[myTest2 Test method is running]]>
  </system-out>
  <testcase classname="testNGStudy.AnnotationStudy" name="myTest1" time="0.013"/>
  <system-out>
    <![CDATA[myTest1 Test method is running]]>
  </system-out>
</testsuite> <!-- testNGStudy.AnnotationStudy -->
