<?xml version="1.0" encoding="UTF-8"?>
<!-- Generated by org.testng.reporters.JUnitReportReporter -->
<testsuite hostname="DESKTOP-9M7QBSC" failures="0" tests="4" name="testNGKeywords.DependsOnMethods" time="0.022" errors="0" timestamp="2022-11-23T00:09:43 IST" skipped="0">
  <testcase classname="testNGKeywords.DependsOnMethods" name="A" time="0.003"/>
  <system-out>
    <![CDATA[A TC is running]]>
  </system-out>
  <testcase classname="testNGKeywords.DependsOnMethods" name="D" time="0.002"/>
  <system-out>
    <![CDATA[D TC is running]]>
  </system-out>
  <testcase classname="testNGKeywords.DependsOnMethods" name="B" time="0.015"/>
  <system-out>
    <![CDATA[B TC is running]]>
  </system-out>
  <testcase classname="testNGKeywords.DependsOnMethods" name="C" time="0.002"/>
  <system-out>
    <![CDATA[C TC is running]]>
  </system-out>
</testsuite> <!-- testNGKeywords.DependsOnMethods -->
