<?xml version="1.0" encoding="UTF-8"?>
<!-- Generated by org.testng.reporters.JUnitReportReporter -->
<testsuite hostname="DESKTOP-9M7QBSC" failures="0" tests="4" name="testNGKeywords.Enabled" time="0.025" errors="0" timestamp="2022-11-22T23:27:09 IST" skipped="1">
  <testcase classname="testNGKeywords.Enabled" name="A" time="0.016"/>
  <system-out>
    <![CDATA[A TC is running]]>
  </system-out>
  <testcase classname="testNGKeywords.Enabled" name="D" time="0.005"/>
  <system-out>
    <![CDATA[D TC is running]]>
  </system-out>
  <testcase classname="testNGKeywords.Enabled" name="B" time="0.004"/>
  <system-out>
    <![CDATA[B TC is running]]>
  </system-out>
  <testcase classname="testNGKeywords.Enabled" name="C">
    <skipped/>
  </testcase> <!-- C -->
  <system-out/>
</testsuite> <!-- testNGKeywords.Enabled -->
