<?xml version="1.0" encoding="UTF-8"?>
<!-- Generated by org.testng.reporters.JUnitReportReporter -->
<testsuite hostname="DESKTOP-9M7QBSC" failures="0" tests="4" name="testNGKeywords.Priority" time="0.010" errors="0" timestamp="2022-11-23T00:06:35 IST" skipped="0">
  <testcase classname="testNGKeywords.Priority" name="D" time="0.002"/>
  <system-out>
    <![CDATA[D test case is running]]>
  </system-out>
  <testcase classname="testNGKeywords.Priority" name="C" time="0.003"/>
  <system-out>
    <![CDATA[C test case is running]]>
  </system-out>
  <testcase classname="testNGKeywords.Priority" name="B" time="0.003"/>
  <system-out>
    <![CDATA[B test case is running]]>
  </system-out>
  <testcase classname="testNGKeywords.Priority" name="A" time="0.002"/>
  <system-out>
    <![CDATA[A test case is running]]>
  </system-out>
</testsuite> <!-- testNGKeywords.Priority -->
