<?xml version="1.0" encoding="UTF-8"?>
<!-- Generated by org.testng.reporters.JUnitReportReporter -->
<testsuite hostname="DESKTOP-9M7QBSC" failures="0" tests="1" name="SerialParallel.Test1" time="10.796" errors="0" timestamp="2022-12-14T15:01:56 IST" skipped="0">
  <testcase classname="SerialParallel.Test1" name="payTmLaunch" time="10.796"/>
  <system-out/>
</testsuite> <!-- SerialParallel.Test1 -->
