<?xml version="1.0" encoding="UTF-8"?>
<!-- Generated by org.testng.reporters.JUnitReportReporter -->
<testsuite hostname="DESKTOP-9M7QBSC" failures="0" tests="2" name="testNGStudy.MyTest" time="0.021" errors="0" timestamp="2022-12-14T10:53:28 IST" skipped="0">
  <testcase classname="testNGStudy.MyTest" name="A" time="0.019"/>
  <system-out>
    <![CDATA[A method running using--:log
A method running using--:log true]]>
  </system-out>
  <testcase classname="testNGStudy.MyTest" name="B" time="0.002"/>
  <system-out>
    <![CDATA[B method running using--:log
B method running using--:log true]]>
  </system-out>
</testsuite> <!-- testNGStudy.MyTest -->
